TN:
SF:src\modules\appointments\services\CreateAppointmentService.ts
FN:10,(anonymous_18)
FN:11,CreateAppointmentService
FN:16,(anonymous_20)
FNF:3
FNH:3
FNDA:1,(anonymous_18)
FNDA:2,CreateAppointmentService
FNDA:3,(anonymous_20)
DA:1,1
DA:2,1
DA:4,1
DA:10,1
DA:13,2
DA:16,3
DA:17,3
DA:18,3
DA:20,3
DA:21,1
DA:24,2
DA:29,2
DA:31,1
DA:33,1
LF:14
LH:14
BRDA:20,0,0,1
BRDA:20,0,1,2
BRF:2
BRH:2
end_of_record
TN:
SF:src\modules\users\services\AuthenticateUserService.ts
FN:18,(anonymous_18)
FN:19,AuthenticateUserService
FN:26,(anonymous_20)
FNF:3
FNH:3
FNDA:1,(anonymous_18)
FNDA:3,AuthenticateUserService
FNDA:3,(anonymous_20)
DA:1,1
DA:2,1
DA:4,1
DA:5,1
DA:18,1
DA:21,3
DA:23,3
DA:26,3
DA:27,3
DA:29,3
DA:30,1
DA:33,2
DA:35,2
DA:36,1
DA:39,1
DA:44,1
DA:46,1
LF:17
LH:17
BRDA:27,0,0,3
BRDA:29,1,0,1
BRDA:29,1,1,2
BRDA:35,2,0,1
BRDA:35,2,1,1
BRF:5
BRH:5
end_of_record
TN:
SF:src\modules\users\services\CreateUserService.ts
FN:11,(anonymous_18)
FN:12,CreateUserService
FN:19,(anonymous_20)
FNF:3
FNH:3
FNDA:2,(anonymous_18)
FNDA:4,CreateUserService
FNDA:5,(anonymous_20)
DA:1,2
DA:3,2
DA:11,2
DA:14,4
DA:16,4
DA:19,5
DA:20,5
DA:22,5
DA:23,1
DA:26,4
DA:27,4
DA:29,4
DA:31,2
LF:13
LH:13
BRDA:20,0,0,5
BRDA:22,1,0,1
BRDA:22,1,1,4
BRF:3
BRH:3
end_of_record
TN:
SF:src\modules\users\services\UpdateUserAvatarService.ts
FN:10,(anonymous_18)
FN:11,UpdateUserAvatarService
FN:18,(anonymous_20)
FNF:3
FNH:3
FNDA:1,(anonymous_18)
FNDA:3,UpdateUserAvatarService
FNDA:4,(anonymous_20)
DA:1,1
DA:3,1
DA:10,1
DA:13,3
DA:15,3
DA:18,4
DA:19,4
DA:21,4
DA:22,1
DA:25,3
DA:26,1
DA:29,3
DA:31,6
DA:33,3
DA:35,1
LF:15
LH:15
BRDA:19,0,0,4
BRDA:21,1,0,1
BRDA:21,1,1,3
BRDA:25,2,0,1
BRDA:25,2,1,2
BRF:5
BRH:5
end_of_record
